[debug] [2017-09-16T20:39:55.390Z] ----------------------------------------------------------------------
[debug] [2017-09-16T20:39:55.392Z] Command:       /usr/local/bin/node /usr/local/bin/firebase serve
[debug] [2017-09-16T20:39:55.393Z] CLI Version:   3.11.0
[debug] [2017-09-16T20:39:55.393Z] Platform:      darwin
[debug] [2017-09-16T20:39:55.393Z] Node Version:  v6.10.0
[debug] [2017-09-16T20:39:55.393Z] Time:          Sat Sep 16 2017 16:39:55 GMT-0400 (EDT)
[debug] [2017-09-16T20:39:55.393Z] ----------------------------------------------------------------------
[debug] 
[debug] [2017-09-16T20:39:55.410Z] > command requires scopes: ["email","openid","https://www.googleapis.com/auth/cloudplatformprojects.readonly","https://www.googleapis.com/auth/firebase","https://www.googleapis.com/auth/cloud-platform"]
[debug] [2017-09-16T20:39:55.411Z] > authorizing via signed-in user
[debug] [2017-09-16T20:39:55.414Z] > refreshing access token with scopes: ["email","https://www.googleapis.com/auth/cloud-platform","https://www.googleapis.com/auth/cloudplatformprojects.readonly","https://www.googleapis.com/auth/firebase","openid"]
[debug] [2017-09-16T20:39:55.415Z] >>> HTTP REQUEST POST https://www.googleapis.com/oauth2/v3/token { refresh_token: '1/qat5iR5zoEu7ZPVUw7ClalcHnYLty_Yvhz9H3_7BSHfu52Gor6cG8Hl6Rc0gaeX7',
  client_id: '563584335869-fgrhgmd47bqnekij5i8b5pr03ho849e6.apps.googleusercontent.com',
  client_secret: 'j9iVZfS8kkCEFUPaAeJV0sAi',
  grant_type: 'refresh_token',
  scope: 'email https://www.googleapis.com/auth/cloud-platform https://www.googleapis.com/auth/cloudplatformprojects.readonly https://www.googleapis.com/auth/firebase openid' } 
 Sat Sep 16 2017 16:39:55 GMT-0400 (EDT)
[debug] [2017-09-16T20:39:55.704Z] <<< HTTP RESPONSE 200
[debug] [2017-09-16T20:39:55.708Z] >>> HTTP REQUEST GET https://admin.firebase.com/v1/projects/thefacebook-5a6bc  
 Sat Sep 16 2017 16:39:55 GMT-0400 (EDT)
[debug] [2017-09-16T20:39:56.026Z] <<< HTTP RESPONSE 200
[debug] [2017-09-16T20:39:56.027Z] >>> HTTP REQUEST GET https://admin.firebase.com/v1/database/thefacebook-5a6bc/tokens  
 Sat Sep 16 2017 16:39:56 GMT-0400 (EDT)
[debug] [2017-09-16T20:39:56.454Z] <<< HTTP RESPONSE 200
[info] 
[info] === Serving from '/Users/JamesHovet/Documents/Development/JamesHovet.github.io'...
[info] 
[debug] [2017-09-16T20:39:56.458Z] >>> HTTP REQUEST GET https://cloudresourcemanager.googleapis.com/v1/projects/thefacebook-5a6bc  
 Sat Sep 16 2017 16:39:56 GMT-0400 (EDT)
[debug] [2017-09-16T20:39:56.992Z] <<< HTTP RESPONSE 200
[debug] [2017-09-16T20:39:56.993Z] >>> HTTP REQUEST GET https://mobilesdk-pa.googleapis.com/v1/projects/1014458253156/clients/_:getWebAppConfig  
 Sat Sep 16 2017 16:39:56 GMT-0400 (EDT)
[debug] [2017-09-16T20:39:57.540Z] <<< HTTP RESPONSE 200
[debug] [2017-09-16T20:39:57.566Z] TypeError: Cannot read property 'public' of undefined
    at Server.<anonymous> (/usr/local/lib/node_modules/firebase-tools/lib/serve/hosting.js:34:17)
    at Server.g (events.js:291:16)
    at emitNone (events.js:86:13)
    at Server.emit (events.js:185:7)
    at emitListeningNT (net.js:1285:10)
    at _combinedTickCallback (internal/process/next_tick.js:71:11)
    at process._tickDomainCallback (internal/process/next_tick.js:122:9)
[error] 
[error] Error: An unexpected error has occurred.
